0 info it worked if it ends with ok
1 verbose cli [ '/usr/bin/nodejs', '/usr/bin/npm', 'publish' ]
2 info using npm@2.15.11
3 info using node@v4.8.1
4 verbose publish [ '.' ]
5 silly cache add args [ '.', null ]
6 verbose cache add spec .
7 silly cache add parsed spec Result {
7 silly cache add   raw: '.',
7 silly cache add   scope: null,
7 silly cache add   name: null,
7 silly cache add   rawSpec: '.',
7 silly cache add   spec: '/home/dennis/nodejs-mods/keyboard-tones',
7 silly cache add   type: 'directory' }
8 verbose addLocalDirectory /home/dennis/.npm/keyboard-tones/1.0.1/package.tgz not in flight; packing
9 verbose correctMkdir /home/dennis/.npm correctMkdir not in flight; initializing
10 verbose tar pack [ '/home/dennis/.npm/keyboard-tones/1.0.1/package.tgz',
10 verbose tar pack   '/home/dennis/nodejs-mods/keyboard-tones' ]
11 verbose tarball /home/dennis/.npm/keyboard-tones/1.0.1/package.tgz
12 verbose folder /home/dennis/nodejs-mods/keyboard-tones
13 info prepublish keyboard-tones@1.0.1
14 verbose addLocalTarball adding from inside cache /home/dennis/.npm/keyboard-tones/1.0.1/package.tgz
15 verbose correctMkdir /home/dennis/.npm correctMkdir not in flight; initializing
16 silly cache afterAdd keyboard-tones@1.0.1
17 verbose afterAdd /home/dennis/.npm/keyboard-tones/1.0.1/package/package.json not in flight; writing
18 verbose correctMkdir /home/dennis/.npm correctMkdir not in flight; initializing
19 verbose afterAdd /home/dennis/.npm/keyboard-tones/1.0.1/package/package.json written
20 silly publish { name: 'keyboard-tones',
20 silly publish   version: '1.0.1',
20 silly publish   description: 'Simple npm module that maps the 12 musical tones to the keyboard',
20 silly publish   main: 'index.js',
20 silly publish   scripts: { test: 'test.js' },
20 silly publish   repository:
20 silly publish    { type: 'git',
20 silly publish      url: 'git+https://github.com/diversen/keyboard-tones.git' },
20 silly publish   keywords: [ 'keyboard-tones', 'keyboard-tones-mapping' ],
20 silly publish   author: { name: 'dennis iversen' },
20 silly publish   license: 'MIT',
20 silly publish   bugs: { url: 'https://github.com/diversen/keyboard-tones/issues' },
20 silly publish   homepage: 'https://github.com/diversen/keyboard-tones#readme',
20 silly publish   readme: '# keyboard-tones\n\nSimple npm module that maps the 12 musical tones to the keyboard\n\n    npm install --save keyboard-tones\n\n## Usage: \n\n    var kt = require(\'keyboard-tones\');\n    console.log(kt);\n\n## The mapping: See [index.js](index.js)\n\nOn the keyboard, the 12 tones are found here: \n\n    a\n     w\n    s\n     e\n    d \n    f\n     t\n    g\n     y\n    h\n     u\n    j\n\n## Example\n\nInclude the script (https://wzrd.in is a great service). In the browser you can use: \n\n    <script src="https://wzrd.in/standalone/keyboard-tones@latest"></script>\n\nIn node: \n\n    var keyboardTones = require(\'keyboard-tones\');\n\n~~~javascript\n\n        document.addEventListener("keydown", function (e){\n            var k = e.key;\n            if (k in keyboardTones) {\n                // Octave = 3\n                let note = keyboardTones[k] + \'3\';\n                parseNoteon(note); // Write your own function\n            }\n        });\n        \n        document.addEventListener("keyup", function (e){\n            var k = e.key;\n            let note = keyboardTones[k] + \'3\';\n            parseNoteoff(note); // // Write your own function\n        });\n~~~\n## License\n\nMIT © Dennis Iversen\n',
20 silly publish   readmeFilename: 'README.md',
20 silly publish   gitHead: '101a8aba10438bfb7e241a30754809125d0aa40f',
20 silly publish   _id: 'keyboard-tones@1.0.1',
20 silly publish   _shasum: '16af62edafc952deb95a64ab13105c10688014ab',
20 silly publish   _from: '.' }
21 verbose getPublishConfig undefined
22 silly mapToRegistry name keyboard-tones
23 silly mapToRegistry using default registry
24 silly mapToRegistry registry https://registry.npmjs.org/
25 silly mapToRegistry data Result {
25 silly mapToRegistry   raw: 'keyboard-tones',
25 silly mapToRegistry   scope: null,
25 silly mapToRegistry   name: 'keyboard-tones',
25 silly mapToRegistry   rawSpec: '',
25 silly mapToRegistry   spec: 'latest',
25 silly mapToRegistry   type: 'tag' }
26 silly mapToRegistry uri https://registry.npmjs.org/keyboard-tones
27 verbose publish registryBase https://registry.npmjs.org/
28 silly publish uploading /home/dennis/.npm/keyboard-tones/1.0.1/package.tgz
29 verbose request uri https://registry.npmjs.org/keyboard-tones
30 verbose request sending authorization for write operation
31 info attempt registry request try #1 at 6:10:31 PM
32 verbose request using bearer token for auth
33 verbose request id 3ad8514891b58a44
34 http request PUT https://registry.npmjs.org/keyboard-tones
35 http 403 https://registry.npmjs.org/keyboard-tones
36 verbose headers { 'content-type': 'application/json',
36 verbose headers   'cache-control': 'max-age=300',
36 verbose headers   'content-length': '95',
36 verbose headers   'accept-ranges': 'bytes',
36 verbose headers   date: 'Mon, 03 Jul 2017 16:10:32 GMT',
36 verbose headers   via: '1.1 varnish',
36 verbose headers   connection: 'keep-alive',
36 verbose headers   'x-served-by': 'cache-hhn1547-HHN',
36 verbose headers   'x-cache': 'MISS',
36 verbose headers   'x-cache-hits': '0',
36 verbose headers   'x-timer': 'S1499098232.675617,VS0,VE1122',
36 verbose headers   vary: 'Accept-Encoding' }
37 verbose request invalidating /home/dennis/.npm/registry.npmjs.org/keyboard-tones on PUT
38 error publish Failed PUT 403
39 verbose stack Error: "You cannot publish over the previously published version 1.0.1." : keyboard-tones
39 verbose stack     at makeError (/usr/lib/node_modules/npm/node_modules/npm-registry-client/lib/request.js:302:12)
39 verbose stack     at CachingRegistryClient.<anonymous> (/usr/lib/node_modules/npm/node_modules/npm-registry-client/lib/request.js:290:14)
39 verbose stack     at Request._callback (/usr/lib/node_modules/npm/node_modules/npm-registry-client/lib/request.js:210:14)
39 verbose stack     at Request.self.callback (/usr/lib/node_modules/npm/node_modules/request/request.js:187:22)
39 verbose stack     at emitTwo (events.js:87:13)
39 verbose stack     at Request.emit (events.js:172:7)
39 verbose stack     at Request.<anonymous> (/usr/lib/node_modules/npm/node_modules/request/request.js:1044:10)
39 verbose stack     at emitOne (events.js:77:13)
39 verbose stack     at Request.emit (events.js:169:7)
39 verbose stack     at IncomingMessage.<anonymous> (/usr/lib/node_modules/npm/node_modules/request/request.js:965:12)
40 verbose statusCode 403
41 verbose pkgid keyboard-tones
42 verbose cwd /home/dennis/nodejs-mods/keyboard-tones
43 error Linux 4.4.0-72-generic
44 error argv "/usr/bin/nodejs" "/usr/bin/npm" "publish"
45 error node v4.8.1
46 error npm  v2.15.11
47 error code E403
48 error "You cannot publish over the previously published version 1.0.1." : keyboard-tones
49 error If you need help, you may report this error at:
49 error     <https://github.com/npm/npm/issues>
50 verbose exit [ 1, true ]
